<?xml version="1.0" encoding="UTF-8"?>
<!-- Generated by org.testng.reporters.JUnitReportReporter -->
<testsuite hostname="LAPTOP-R96UE1EI" failures="0" tests="1" name="com.actitime.testScripts.ProjectModuleTest" time="0.017" errors="0" timestamp="2021-04-02T14:18:22 IST" skipped="0">
  <testcase classname="com.actitime.testScripts.ProjectModuleTest" name="f" time="0.017"/>
  <system-out/>
</testsuite> <!-- com.actitime.testScripts.ProjectModuleTest -->
